<?xml version="1.0" encoding="UTF-8"?>
<testsuite name="com.bnp.cservices.database.config.DatabaseInitializerTest" time="0.03" tests="5" errors="0" skipped="0" failures="0">
  <properties>
    <property name="java.runtime.name" value="Java(TM) SE Runtime Environment"/>
    <property name="sun.boot.library.path" value="C:\apps\ic\oraclejdk-x64-8\jre\bin"/>
    <property name="java.vm.version" value="25.66-b17"/>
    <property name="java.vm.vendor" value="Oracle Corporation"/>
    <property name="maven.multiModuleProjectDirectory" value="C:\archetype3tiers\CSERVICES\server"/>
    <property name="java.vendor.url" value="http://java.oracle.com/"/>
    <property name="path.separator" value=";"/>
    <property name="guice.disable.misplaced.annotation.check" value="true"/>
    <property name="java.vm.name" value="Java HotSpot(TM) 64-Bit Server VM"/>
    <property name="file.encoding.pkg" value="sun.io"/>
    <property name="user.script" value=""/>
    <property name="user.country" value="FR"/>
    <property name="sun.java.launcher" value="SUN_STANDARD"/>
    <property name="sun.os.patch.level" value="Service Pack 1"/>
    <property name="java.vm.specification.name" value="Java Virtual Machine Specification"/>
    <property name="user.dir" value="C:\archetype3tiers\CSERVICES\server"/>
    <property name="java.runtime.version" value="1.8.0_66-b17"/>
    <property name="java.awt.graphicsenv" value="sun.awt.Win32GraphicsEnvironment"/>
    <property name="java.endorsed.dirs" value="C:\apps\ic\oraclejdk-x64-8\jre\lib\endorsed"/>
    <property name="os.arch" value="amd64"/>
    <property name="java.io.tmpdir" value="C:\Users\a03150\AppData\Local\Temp\"/>
    <property name="line.separator" value="&#10;"/>
    <property name="java.vm.specification.vendor" value="Oracle Corporation"/>
    <property name="user.variant" value=""/>
    <property name="os.name" value="Windows 7"/>
    <property name="classworlds.conf" value="C:\archetype3tiers\.metadata\.plugins\org.eclipse.m2e.launching\launches\m2conf1273903160128154485.tmp"/>
    <property name="sun.jnu.encoding" value="Cp1252"/>
    <property name="java.library.path" value="C:\apps\ic\oraclejdk-x64-8\bin;C:\Windows\Sun\Java\bin;C:\Windows\system32;C:\Windows;c:/apps/ic/oraclejdk-x64-8/bin/../jre/bin/server;c:/apps/ic/oraclejdk-x64-8/bin/../jre/bin;c:/apps/ic/oraclejdk-x64-8/bin/../jre/lib/amd64;C:\ProgramData\Oracle\Java\javapath;C:\Windows\system32;C:\Windows;C:\Windows\System32\Wbem;C:\Windows\System32\WindowsPowerShell\v1.0\;C:\Windows\System32\WindowsPowerShell\v1.0\;C:\Windows\System32\WindowsPowerShell\v1.0\;C:\Program Files\AXALTO\Access Client\v5\;C:\Program Files (x86)\AXALTO\Access Client\v5\;C:\Program Files (x86)\Common Files\Check Point\UIFramework 3.0\Bin\;C:\Program Files (x86)\CheckPoint\Endpoint Security\Endpoint Common\bin;C:\APPS\ic\exec\;C:\APPS\ic\package-manager\;C:\Program Files (x86)\Oracle\MySQL\MySQL Utilities 1.3.4\;C:\ProgramData\Oracle\Java\javapath;C:\Windows\system32;C:\Windows;C:\Windows\System32\Wbem;C:\Windows\System32\WindowsPowerShell\v1.0\;C:\Windows\System32\WindowsPowerShell\v1.0\;C:\Windows\System32\WindowsPowerShell\v1.0\;C:\Program Files\AXALTO\Access Client\v5\;C:\Program Files (x86)\AXALTO\Access Client\v5\;C:\Program Files (x86)\Common Files\Check Point\UIFramework 3.0\Bin\;C:\Program Files (x86)\CheckPoint\Endpoint Security\Endpoint Common\bin;C:\Users\a03150\AppData\Local\Programs\Git\cmd;C:\apps\ic\eclipse-jee-oxygen-x64;;."/>
    <property name="java.specification.name" value="Java Platform API Specification"/>
    <property name="java.class.version" value="52.0"/>
    <property name="sun.management.compiler" value="HotSpot 64-Bit Tiered Compilers"/>
    <property name="os.version" value="6.1"/>
    <property name="user.home" value="C:\Users\a03150"/>
    <property name="user.timezone" value="Europe/Paris"/>
    <property name="java.awt.printerjob" value="sun.awt.windows.WPrinterJob"/>
    <property name="java.specification.version" value="1.8"/>
    <property name="file.encoding" value="Cp1252"/>
    <property name="user.name" value="a03150"/>
    <property name="java.class.path" value="C:\apps\ic\apache-maven-3.5.2\boot\plexus-classworlds-2.5.2.jar"/>
    <property name="java.vm.specification.version" value="1.8"/>
    <property name="sun.arch.data.model" value="64"/>
    <property name="java.home" value="C:\apps\ic\oraclejdk-x64-8\jre"/>
    <property name="sun.java.command" value="org.codehaus.plexus.classworlds.launcher.Launcher -Pdev -B -s C:\apps\ic\apache-maven-3.5.2\conf\settings.xml clean install"/>
    <property name="java.specification.vendor" value="Oracle Corporation"/>
    <property name="user.language" value="fr"/>
    <property name="awt.toolkit" value="sun.awt.windows.WToolkit"/>
    <property name="java.vm.info" value="mixed mode"/>
    <property name="java.version" value="1.8.0_66"/>
    <property name="java.ext.dirs" value="C:\apps\ic\oraclejdk-x64-8\jre\lib\ext;C:\Windows\Sun\Java\lib\ext"/>
    <property name="sun.boot.class.path" value="C:\apps\ic\oraclejdk-x64-8\jre\lib\resources.jar;C:\apps\ic\oraclejdk-x64-8\jre\lib\rt.jar;C:\apps\ic\oraclejdk-x64-8\jre\lib\sunrsasign.jar;C:\apps\ic\oraclejdk-x64-8\jre\lib\jsse.jar;C:\apps\ic\oraclejdk-x64-8\jre\lib\jce.jar;C:\apps\ic\oraclejdk-x64-8\jre\lib\charsets.jar;C:\apps\ic\oraclejdk-x64-8\jre\lib\jfr.jar;C:\apps\ic\oraclejdk-x64-8\jre\classes"/>
    <property name="java.vendor" value="Oracle Corporation"/>
    <property name="maven.home" value="C:\apps\ic\apache-maven-3.5.2"/>
    <property name="file.separator" value="\"/>
    <property name="java.vendor.url.bug" value="http://bugreport.sun.com/bugreport/"/>
    <property name="sun.cpu.endian" value="little"/>
    <property name="sun.io.unicode.encoding" value="UnicodeLittle"/>
    <property name="sun.desktop" value="windows"/>
    <property name="sun.cpu.isalist" value="amd64"/>
  </properties>
  <testcase name="flyway_should_check_schema_baseline" classname="com.bnp.cservices.database.config.DatabaseInitializerTest" time="0"/>
  <testcase name="flyway_should_do_schema_baseline" classname="com.bnp.cservices.database.config.DatabaseInitializerTest" time="0.001"/>
  <testcase name="flyway_should_migrate_on_schema_baseline_ok" classname="com.bnp.cservices.database.config.DatabaseInitializerTest" time="0.029"/>
  <testcase name="flyway_should_finish_on_migration_exception" classname="com.bnp.cservices.database.config.DatabaseInitializerTest" time="0"/>
  <testcase name="flyway_should_keep_migration_on_schema_baseline_exception" classname="com.bnp.cservices.database.config.DatabaseInitializerTest" time="0"/>
</testsuite>